<?xml version="1.0" encoding="UTF-8"?>
<!-- Generated by org.testng.reporters.JUnitReportReporter -->
<testsuite hostname="LAPTOP-N6T5EEQ1" name="com.qa.testscripts.Module2_SignUp" tests="1" failures="0" timestamp="21 Sep 2021 07:57:09 GMT" time="9.154" errors="0">
  <testcase name="test1" time="9.154" classname="com.qa.testscripts.Module2_SignUp"/>
</testsuite> <!-- com.qa.testscripts.Module2_SignUp -->
