<?xml version="1.0" encoding="UTF-8"?>
<!-- Generated by org.testng.reporters.JUnitReportReporter -->
<testsuite hostname="LAPTOP-N6T5EEQ1" name="com.qa.testscripts.Module1_Login" tests="1" failures="0" timestamp="17 Sep 2021 09:55:42 GMT" time="5.447" errors="0">
  <testcase name="login" time="5.447" classname="com.qa.testscripts.Module1_Login"/>
</testsuite> <!-- com.qa.testscripts.Module1_Login -->
